<?xml version="1.0" encoding="UTF-8"?>
<testsuite name="FriedChickenTest" tests="23" skipped="0" failures="0" errors="0" timestamp="2022-06-05T00:48:41" hostname="DESKTOP-1P6G1DF" time="0.093">
  <properties/>
  <testcase name="should_ReturnFirstApp_When_ListHasOnlyOneApp()" classname="FriedChickenTest" time="0.029"/>
  <testcase name="should_ReturnNull_When_HaveEmptyList()" classname="FriedChickenTest" time="0.014"/>
  <testcase name="should_ReturnNull_When_ThereIsNotMetaPlatformApps()" classname="FriedChickenTest" time="0.012"/>
  <testcase name="should_Return_33point33_When_ListHaveAppsRequiredAndroid9AndUp()" classname="FriedChickenTest" time="0.003"/>
  <testcase name="should_ReturnZero_When_HaveEmptyList()" classname="FriedChickenTest" time="0.001"/>
  <testcase name="should_Return_LargestAppByMetaPlatforms()" classname="FriedChickenTest" time="0.001"/>
  <testcase name="should_ReturnNull_MetaApps_When_AppsList_IsEmpty()" classname="FriedChickenTest" time="0.001"/>
  <testcase name="should_Return33point33Percent_When_MedicalAppsAreOneThirdOfAppsList()" classname="FriedChickenTest" time="0.001"/>
  <testcase name="should_ReturnHundredPercent_When_HaveListOfMedicalAppsOnly()" classname="FriedChickenTest" time="0.001"/>
  <testcase name="should_ReturnZero_When_NoMedicalAppInTheAppsList()" classname="FriedChickenTest" time="0.0"/>
  <testcase name="should_ReturnAllElementAppName_When_TheListOfAppsContainsLessThan10Apps()" classname="FriedChickenTest" time="0.012"/>
  <testcase name="should_ReturnZero_When_HaveListWithNoAnyGoogleApp()" classname="FriedChickenTest" time="0.0"/>
  <testcase name="should_ReturnZero_When_ListIsEmpty()" classname="FriedChickenTest" time="0.001"/>
  <testcase name="should_ReturnZero_When_HaveEmptyAppsList()" classname="FriedChickenTest" time="0.001"/>
  <testcase name="should_ReturnNumber1_When_HaveListWith1GoogleApp()" classname="FriedChickenTest" time="0.001"/>
  <testcase name="should_ReturnZero_When_ListHasNotAppRequiredAndroid9AndUp()" classname="FriedChickenTest" time="0.001"/>
  <testcase name="should_ReturnNull_When_TheListOfAppsIsEmpty()" classname="FriedChickenTest" time="0.0"/>
  <testcase name="should_Return_Null_When_TheListOfAppsIsEmpty()" classname="FriedChickenTest" time="0.001"/>
  <testcase name="should_ReturnOldestApp_When_HaveListWithMultiApps()" classname="FriedChickenTest" time="0.001"/>
  <testcase name="should_ReturnZero_When_HaveEmptyCompanyValue()" classname="FriedChickenTest" time="0.0"/>
  <testcase name="should_ReturnTop10InstalledApp_When_TheListOfAppsContainsMoreThan9Apps()" classname="FriedChickenTest" time="0.002"/>
  <testcase name="should_ReturnEveryLargestApp_When_TheListOfAppsContainsLessThan9Apps()" classname="FriedChickenTest" time="0.001"/>
  <testcase name="should_ReturnLargest10Apps_When_TheListOfAppsContainsMoreThan9Apps()" classname="FriedChickenTest" time="0.003"/>
  <system-out><![CDATA[]]></system-out>
  <system-err><![CDATA[]]></system-err>
</testsuite>
