<?xml version="1.0" encoding="UTF-8"?>
<testsuite name="AppAnalyzerTest" tests="23" skipped="0" failures="0" errors="0" timestamp="2022-06-06T00:28:42" hostname="SHAMARDN" time="0.521">
  <properties/>
  <testcase name="should_ReturnFirstApp_When_ListHasOnlyOneApp()" classname="AppAnalyzerTest" time="0.157"/>
  <testcase name="should_ReturnEveryLargestApp_When_TheListOfAppsContainsLessThan10Apps()" classname="AppAnalyzerTest" time="0.108"/>
  <testcase name="should_ReturnNull_When_HaveEmptyList()" classname="AppAnalyzerTest" time="0.049"/>
  <testcase name="should_ReturnNull_When_ThereIsNotMetaPlatformApps()" classname="AppAnalyzerTest" time="0.003"/>
  <testcase name="should_Return_33point33_When_ListHaveAppsRequiredAndroid9AndUp()" classname="AppAnalyzerTest" time="0.009"/>
  <testcase name="should_ReturnZero_When_HaveEmptyList()" classname="AppAnalyzerTest" time="0.001"/>
  <testcase name="should_Return_LargestAppByMetaPlatforms()" classname="AppAnalyzerTest" time="0.008"/>
  <testcase name="should_ReturnNull_MetaApps_When_AppsList_IsEmpty()" classname="AppAnalyzerTest" time="0.002"/>
  <testcase name="should_Return33point33Percent_When_MedicalAppsAreOneThirdOfAppsList()" classname="AppAnalyzerTest" time="0.003"/>
  <testcase name="should_ReturnHundredPercent_When_HaveListOfMedicalAppsOnly()" classname="AppAnalyzerTest" time="0.001"/>
  <testcase name="should_ReturnZero_When_NoMedicalAppInTheAppsList()" classname="AppAnalyzerTest" time="0.001"/>
  <testcase name="should_ReturnAllElementAppName_When_TheListOfAppsContainsLessThan10Apps()" classname="AppAnalyzerTest" time="0.076"/>
  <testcase name="should_ReturnZero_When_HaveListWithNoAnyGoogleApp()" classname="AppAnalyzerTest" time="0.002"/>
  <testcase name="should_ReturnZero_When_ListIsEmpty()" classname="AppAnalyzerTest" time="0.023"/>
  <testcase name="should_ReturnZero_When_HaveEmptyAppsList()" classname="AppAnalyzerTest" time="0.002"/>
  <testcase name="should_ReturnNumber1_When_HaveListWith1GoogleApp()" classname="AppAnalyzerTest" time="0.001"/>
  <testcase name="should_ReturnZero_When_ListHasNotAppRequiredAndroid9AndUp()" classname="AppAnalyzerTest" time="0.002"/>
  <testcase name="should_ReturnNull_When_TheListOfAppsIsEmpty()" classname="AppAnalyzerTest" time="0.001"/>
  <testcase name="should_Return_Null_When_TheListOfAppsIsEmpty()" classname="AppAnalyzerTest" time="0.001"/>
  <testcase name="should_ReturnOldestApp_When_HaveListWithMultiApps()" classname="AppAnalyzerTest" time="0.004"/>
  <testcase name="should_ReturnZero_When_HaveEmptyCompanyValue()" classname="AppAnalyzerTest" time="0.003"/>
  <testcase name="should_ReturnTop10InstalledApp_When_TheListOfAppsContainsMoreThan9Apps()" classname="AppAnalyzerTest" time="0.007"/>
  <testcase name="should_ReturnLargest10Apps_When_TheListOfAppsContainsMoreThan9Apps()" classname="AppAnalyzerTest" time="0.006"/>
  <system-out><![CDATA[]]></system-out>
  <system-err><![CDATA[]]></system-err>
</testsuite>
